[ 2010/ 1/21 - 16:54:27:725] [AHNHSUPDA] Start  
[ 2010/ 1/21 - 16:54:37:210] [AHNHSUPDA] End  
[ 2010/ 1/22 - 18:29:13:581] [AHNHSUPDA] Start  
[ 2010/ 1/22 - 18:29:22:268] [AHNHSUPDA] End  
[ 2010/ 1/22 - 18:30: 4:425] [AHNHSUPDA] Start  
[ 2010/ 1/22 - 18:30: 5:878] [AHNHSUPDA] End  
[ 2010/ 1/25 - 15:41: 8:184] [AHNHSUPDA] Start  
[ 2010/ 1/25 - 15:41:11:872] [AHNHSUPDA] End  
[ 2010/ 1/27 - 17:41:39:667] [AHNHSUPDA] Start  
[ 2010/ 1/27 - 17:41:43: 58] [AHNHSUPDA] End  
[ 2010/ 1/27 - 17:42:39:979] [AHNHSUPDA] Start  
[ 2010/ 1/27 - 17:42:41:526] [AHNHSUPDA] End  
[ 2010/ 1/29 - 11:27:37:265] [AHNHSUPDA] Start  
[ 2010/ 1/29 - 11:27:40:906] [AHNHSUPDA] End  
[ 2010/ 2/ 1 - 18:26:54:805] [AHNHSUPDA] Start  
[ 2010/ 2/ 1 - 18:26:58:290] [AHNHSUPDA] End  
[ 2010/ 2/ 9 - 17:48:24:874] [AHNHSUPDA] Start  
[ 2010/ 2/ 9 - 17:48:30:562] [AHNHSUPDA] End  
[ 2010/ 2/ 9 - 17:49:24:595] [AHNHSUPDA] Start  
[ 2010/ 2/ 9 - 17:49:26:454] [AHNHSUPDA] End  
[ 2010/ 2/ 9 - 17:49:39:  2] [AHNHSUPDA] Start  
[ 2010/ 2/ 9 - 17:49:40:892] [AHNHSUPDA] End  
[ 2010/ 2/22 - 17:42:13:452] [AHNHSUPDA] Start  
[ 2010/ 2/22 - 17:42:23: 45] [AHNHSUPDA] End  
[ 2010/ 2/22 - 17:43:13:136] [AHNHSUPDA] Start  
[ 2010/ 2/22 - 17:43:21: 26] [AHNHSUPDA] End  
[ 2010/ 3/ 3 - 12: 6:24:196] [AHNHSUPDA] Start  
[ 2010/ 3/ 3 - 12: 6:28:493] [AHNHSUPDA] End  
[ 2010/ 3/ 3 - 12: 7:11:744] [AHNHSUPDA] Start  
[ 2010/ 3/ 3 - 12: 7:13:947] [AHNHSUPDA] End  
[ 2010/ 3/ 3 - 12: 7:31:338] [AHNHSUPDA] Start  
[ 2010/ 3/ 3 - 12: 7:33:666] [AHNHSUPDA] End  
[ 2010/ 3/ 3 - 18:27:58:403] [AHNHSUPDA] Start  
[ 2010/ 3/ 3 - 18:27:59:966] [AHNHSUPDA] End  
[ 2010/ 3/ 3 - 18:28:30:373] [AHNHSUPDA] Start  
[ 2010/ 3/ 3 - 18:28:31:951] [AHNHSUPDA] End  
[ 2010/ 3/10 - 13:34:34:943] [AHNHSUPDA] Start  
[ 2010/ 3/10 - 13:34:38:771] [AHNHSUPDA] End  
[ 2010/ 3/10 - 16:47:36:267] [AHNHSUPDA] Start  
[ 2010/ 3/10 - 16:47:39:  1] [AHNHSUPDA] End  
[ 2010/ 3/10 - 16:48:14:658] [AHNHSUPDA] Start  
[ 2010/ 3/10 - 16:48:16:267] [AHNHSUPDA] End  
[ 2010/ 3/10 - 17:43:35:148] [AHNHSUPDA] Start  
[ 2010/ 3/10 - 17:43:39:335] [AHNHSUPDA] End  
[ 2010/ 3/12 - 15:38:17:180] [AHNHSUPDA] Start  
[ 2010/ 3/12 - 15:38:21:743] [AHNHSUPDA] End  
[ 2010/ 3/15 - 15:38:45:955] [AHNHSUPDA] Start  
[ 2010/ 3/15 - 15:38:49:690] [AHNHSUPDA] End  
[ 2010/ 3/16 - 17:55:39:247] [AHNHSUPDA] Start  
[ 2010/ 3/16 - 17:55:42:559] [AHNHSUPDA] End  
[ 2010/ 3/16 - 18:23:25: 96] [AHNHSUPDA] Start  
[ 2010/ 3/16 - 18:23:26:956] [AHNHSUPDA] End  
[ 2010/ 3/17 - 15:46:54:561] [AHNHSUPDA] Start  
[ 2010/ 3/17 - 15:46:58:421] [AHNHSUPDA] End  
[ 2010/ 3/18 - 16:28:18:939] [AHNHSUPDA] Start  
[ 2010/ 3/18 - 16:28:22:470] [AHNHSUPDA] End  
[ 2010/ 3/18 - 16:56: 4:909] [AHNHSUPDA] Start  
[ 2010/ 3/18 - 16:56: 6:377] [AHNHSUPDA] End  
[ 2010/ 4/ 8 - 14:21:15:507] [AHNHSUPDA] Start  
[ 2010/ 4/ 8 - 14:21:40:383] [AHNHSUPDA] End  
[ 2010/ 4/ 8 - 14:22:21:852] [AHNHSUPDA] Start  
[ 2010/ 4/ 8 - 14:22:23:430] [AHNHSUPDA] End  
[ 2010/ 4/ 8 - 17:20:41:418] [AHNHSUPDA] Start  
[ 2010/ 4/ 8 - 17:20:42:980] [AHNHSUPDA] End  
[ 2010/ 4/ 8 - 17:21:42:653] [AHNHSUPDA] Start  
[ 2010/ 4/ 8 - 17:21:44:841] [AHNHSUPDA] End  
[ 2010/ 4/14 - 13:35:52:  7] [AHNHSUPDA] Start  
[ 2010/ 4/14 - 13:35:55:601] [AHNHSUPDA] End  
[ 2010/ 4/14 - 14:51:20:190] [AHNHSUPDA] Start  
[ 2010/ 4/14 - 14:51:21:549] [AHNHSUPDA] End  
[ 2010/ 4/14 - 14:53:24:862] [AHNHSUPDA] Start  
[ 2010/ 4/14 - 14:53:26:300] [AHNHSUPDA] End  
[ 2010/ 4/14 - 14:57:34:974] [AHNHSUPDA] Start  
[ 2010/ 4/14 - 14:57:37:240] [AHNHSUPDA] End  
[ 2010/ 4/14 - 14:58:50:  7] [AHNHSUPDA] Start  
[ 2010/ 4/14 - 14:58:52:304] [AHNHSUPDA] End  
[ 2010/ 4/14 - 14:59:33:992] [AHNHSUPDA] Start  
[ 2010/ 4/14 - 14:59:36:461] [AHNHSUPDA] End  
[ 2010/ 4/14 - 15: 6: 5:502] [AHNHSUPDA] Start  
[ 2010/ 4/14 - 15: 6: 7:111] [AHNHSUPDA] End  
[ 2010/ 4/14 - 15: 6:20:315] [AHNHSUPDA] Start  
[ 2010/ 4/14 - 15: 6:22:643] [AHNHSUPDA] End  
[ 2010/ 4/14 - 15:11:55:979] [AHNHSUPDA] Start  
[ 2010/ 4/14 - 15:11:57:651] [AHNHSUPDA] End  
[ 2010/ 4/14 - 15:14:40:296] [AHNHSUPDA] Start  
[ 2010/ 4/14 - 15:14:41:937] [AHNHSUPDA] End  
[ 2010/ 4/14 - 15:25: 8:765] [AHNHSUPDA] Start  
[ 2010/ 4/14 - 15:25:10:406] [AHNHSUPDA] End  
[ 2010/ 4/14 - 18:22:17:957] [AHNHSUPDA] Start  
[ 2010/ 4/14 - 18:22:23: 20] [AHNHSUPDA] End  
[ 2010/ 4/14 - 18:27:15:560] [AHNHSUPDA] Start  
[ 2010/ 4/14 - 18:27:17: 14] [AHNHSUPDA] End  
[ 2010/ 4/16 - 17:14:41:904] [AHNHSUPDA] Start  
[ 2010/ 4/16 - 17:14:45: 60] [AHNHSUPDA] End  
[ 2010/ 4/21 - 15:38:47:794] [AHNHSUPDA] Start  
[ 2010/ 4/21 - 15:39:13: 44] [AHNHSUPDA] End  
[ 2010/ 4/21 - 17:19:41:624] [AHNHSUPDA] Start  
[ 2010/ 4/21 - 17:19:47:875] [AHNHSUPDA] End  
[ 2010/ 4/21 - 17:43:36:974] [AHNHSUPDA] Start  
[ 2010/ 4/21 - 17:43:38:817] [AHNHSUPDA] End  
[ 2010/ 4/23 - 17: 5:14:901] [AHNHSUPDA] Start  
[ 2010/ 4/23 - 17: 5:18:604] [AHNHSUPDA] End  
[ 2010/ 4/23 - 17: 6:15:997] [AHNHSUPDA] Start  
[ 2010/ 4/23 - 17: 6:18:231] [AHNHSUPDA] End  
[ 2010/ 5/12 - 10: 4:31:966] [AHNHSUPDA] Start  
[ 2010/ 5/12 - 10: 4:38:857] [AHNHSUPDA] End  
[ 2010/ 5/13 - 17:24: 8:768] [AHNHSUPDA] Start  
[ 2010/ 5/13 - 17:24:14: 34] [AHNHSUPDA] End  
[ 2010/ 5/13 - 17:24:56:145] [AHNHSUPDA] Start  
[ 2010/ 5/13 - 17:24:57:504] [AHNHSUPDA] End  
[ 2010/ 5/25 - 18:27:23:425] [AHNHSUPDA] Start  
[ 2010/ 5/25 - 18:27:26:754] [AHNHSUPDA] End  
[ 2010/ 5/25 - 18:28: 0:692] [AHNHSUPDA] Start  
[ 2010/ 5/25 - 18:28: 1:989] [AHNHSUPDA] End  
[ 2010/ 6/ 3 - 12:31:40:834] [AHNHSUPDA] Start  
[ 2010/ 6/ 3 - 12:31:45:224] [AHNHSUPDA] End  
[ 2010/ 6/ 8 - 11:55: 2:481] [AHNHSUPDA] Start  
[ 2010/ 6/ 8 - 11:55: 7:262] [AHNHSUPDA] End  
[ 2010/ 6/ 9 - 13:55:19: 63] [AHNHSUPDA] Start  
[ 2010/ 6/ 9 - 13:55:20:813] [AHNHSUPDA] End  
[ 2010/ 6/ 9 - 14:26:21:107] [AHNHSUPDA] Start  
[ 2010/ 6/ 9 - 14:26:22:811] [AHNHSUPDA] End  
[ 2010/ 6/25 - 15:42:53:893] [AHNHSUPDA] Start  
[ 2010/ 6/25 - 15:43: 4:752] [AHNHSUPDA] End  
[ 2010/ 6/25 - 15:43:54:518] [AHNHSUPDA] Start  
[ 2010/ 6/25 - 15:43:56:565] [AHNHSUPDA] End  
[ 2010/ 6/29 - 11:57:44:634] [AHNHSUPDA] Start  
[ 2010/ 6/29 - 11:57:52:401] [AHNHSUPDA] End  
[ 2010/ 6/29 - 11:58:59:470] [AHNHSUPDA] Start  
[ 2010/ 6/29 - 11:59: 5:142] [AHNHSUPDA] End  
[ 2010/ 6/29 - 11:59:56:647] [AHNHSUPDA] Start  
[ 2010/ 6/29 - 12: 0: 2:507] [AHNHSUPDA] End  
[ 2010/ 7/12 - 13:52:57:823] [AHNHSUPDA] Start  
[ 2010/ 7/12 - 13:53: 7: 73] [AHNHSUPDA] End  
[ 2010/ 7/15 - 16:52:22:804] [AHNHSUPDA] Start  
[ 2010/ 7/15 - 16:52:26:460] [AHNHSUPDA] End  
[ 2010/ 7/15 - 16:58:48:794] [AHNHSUPDA] Start  
[ 2010/ 7/15 - 16:58:50:169] [AHNHSUPDA] End  
[ 2010/ 7/15 - 16:59:25:560] [AHNHSUPDA] Start  
[ 2010/ 7/15 - 16:59:27:372] [AHNHSUPDA] End  
[ 2010/ 7/22 - 16: 7:48:323] [AHNHSUPDA] Start  
[ 2010/ 7/22 - 16: 7:52:557] [AHNHSUPDA] End  
[ 2010/ 7/23 - 14:48:43:870] [AHNHSUPDA] Start  
[ 2010/ 7/23 - 14:48:47:151] [AHNHSUPDA] End  
[ 2010/ 7/26 - 15:45:29:971] [AHNHSUPDA] Start  
[ 2010/ 7/26 - 15:45:37:456] [AHNHSUPDA] End  
[ 2010/ 7/29 - 15:13:36:143] [AHNHSUPDA] Start  
[ 2010/ 7/29 - 15:13:43:378] [AHNHSUPDA] End  
[ 2010/ 8/ 4 - 18:22:37:653] [AHNHSUPDA] Start  
[ 2010/ 8/ 4 - 18:22:40:419] [AHNHSUPDA] End  
[ 2010/ 8/ 5 - 15:18:53:890] [AHNHSUPDA] Start  
[ 2010/ 8/ 5 - 15:18:57:234] [AHNHSUPDA] End  
[ 2010/ 8/ 5 - 15:20:20:937] [AHNHSUPDA] Start  
[ 2010/ 8/ 5 - 15:20:22:296] [AHNHSUPDA] End  
[ 2010/ 8/ 6 - 16: 7:12:838] [AHNHSUPDA] Start  
[ 2010/ 8/ 6 - 16: 7:16:525] [AHNHSUPDA] End  
[ 2010/ 8/11 - 12:35:55:825] [AHNHSUPDA] Start  
[ 2010/ 8/11 - 12:36: 0:841] [AHNHSUPDA] End  
[ 2010/ 8/17 - 17:54:12:593] [AHNHSUPDA] Start  
[ 2010/ 8/17 - 17:54:16:546] [AHNHSUPDA] End  
[ 2010/ 9/ 1 - 15:44:26:531] [AHNHSUPDA] Start  
[ 2010/ 9/ 1 - 15:44:40: 15] [AHNHSUPDA] End  
[ 2010/ 9/ 7 - 14:20:20:437] [AHNHSUPDA] Start  
[ 2010/ 9/ 7 - 14:20:26:765] [AHNHSUPDA] End  
[ 2010/ 9/ 7 - 14:20:39:515] [AHNHSUPDA] Start  
[ 2010/ 9/ 7 - 14:20:44: 62] [AHNHSUPDA] End  
[ 2010/ 9/ 8 - 15:12:58:484] [AHNHSUPDA] Start  
[ 2010/ 9/ 8 - 15:13: 2:750] [AHNHSUPDA] End  
[ 2010/ 9/ 9 - 13:50:26:474] [AHNHSUPDA] Start  
[ 2010/ 9/ 9 - 13:50:31:271] [AHNHSUPDA] End  
[ 2010/10/26 -  3:24:18:809] [AHNHSUPDA] Start  
[ 2010/10/26 -  3:24:26:403] [AHNHSUPDA] End  
[ 2010/11/15 - 11:26:15:977] [AHNHSUPDA] Start  
[ 2010/11/15 - 11:26:24:973] [AHNHSUPDA] End  
[ 2010/11/22 - 12: 0:49:965] [AHNHSUPDA] Start  
[ 2010/11/22 - 12: 0:56:957] [AHNHSUPDA] End  
[ 2010/11/22 - 16:25:48:514] [AHNHSUPDA] Start  
[ 2010/11/22 - 16:25:56:601] [AHNHSUPDA] End  
[ 2010/11/25 - 12:33: 1:176] [AHNHSUPDA] Start  
[ 2010/11/25 - 12:33: 8: 39] [AHNHSUPDA] End  
[ 2010/11/25 - 13:18:57:154] [AHNHSUPDA] Start  
[ 2010/11/25 - 13:18:59:979] [AHNHSUPDA] End  
[ 2010/11/30 - 11: 5:23: 31] [AHNHSUPDA] Start  
[ 2010/11/30 - 11: 5:30: 78] [AHNHSUPDA] End  
[ 2010/11/30 - 11:45:41:671] [AHNHSUPDA] Start  
[ 2010/11/30 - 11:45:44:437] [AHNHSUPDA] End  
[ 2010/12/ 1 - 18:20:50:796] [AHNHSUPDA] Start  
[ 2010/12/ 1 - 18:20:53:625] [AHNHSUPDA] End  
[ 2010/12/ 1 - 19:39:51:203] [AHNHSUPDA] Start  
[ 2010/12/ 1 - 19:39:53:609] [AHNHSUPDA] End  
[ 2010/12/15 - 17:19:34:734] [AHNHSUPDA] Start  
[ 2010/12/15 - 17:19:42: 31] [AHNHSUPDA] End  
[ 2010/12/22 - 22:11:15: 78] [AHNHSUPDA] Start  
[ 2010/12/22 - 22:11:18: 78] [AHNHSUPDA] End  
[ 2010/12/22 - 22:17: 6:359] [AHNHSUPDA] Start  
[ 2010/12/22 - 22:17: 8:250] [AHNHSUPDA] End  
[ 2011/ 1/ 5 - 16:20:53:125] [AHNHSUPDA] Start  
[ 2011/ 1/ 5 - 16:21: 0:828] [AHNHSUPDA] End  
